0 info it worked if it ends with ok
1 verbose cli [ '/usr/local/bin/node',
1 verbose cli   '/usr/local/bin/npm',
1 verbose cli   'install',
1 verbose cli   'formidable' ]
2 info using npm@1.4.28
3 info using node@v0.13.0-pre
4 warn package.json multipart@0.1.5 No repository field.
5 warn package.json multipart@0.1.5 No README data
6 verbose cache add [ 'formidable', null ]
7 verbose cache add name=undefined spec="formidable" args=["formidable",null]
8 verbose parsed url { protocol: null,
8 verbose parsed url   slashes: null,
8 verbose parsed url   auth: null,
8 verbose parsed url   host: null,
8 verbose parsed url   port: null,
8 verbose parsed url   hostname: null,
8 verbose parsed url   hash: null,
8 verbose parsed url   search: null,
8 verbose parsed url   query: null,
8 verbose parsed url   pathname: 'formidable',
8 verbose parsed url   path: 'formidable',
8 verbose parsed url   href: 'formidable' }
9 silly lockFile 8fdd0b7c-formidable formidable
10 verbose lock formidable /Users/Bah-Ru-Daga/.npm/8fdd0b7c-formidable.lock
11 silly lockFile 8fdd0b7c-formidable formidable
12 silly lockFile 8fdd0b7c-formidable formidable
13 verbose addNamed [ 'formidable', '' ]
14 verbose addNamed [ null, '*' ]
15 silly lockFile fedfde19-formidable formidable@
16 verbose lock formidable@ /Users/Bah-Ru-Daga/.npm/fedfde19-formidable.lock
17 silly addNameRange { name: 'formidable', range: '*', hasData: false }
18 verbose request where is /formidable
19 verbose request registry https://registry.npmjs.org/
20 verbose request id cd4167ccedacfd1a
21 verbose url raw /formidable
22 verbose url resolving [ 'https://registry.npmjs.org/', './formidable' ]
23 verbose url resolved https://registry.npmjs.org/formidable
24 verbose request where is https://registry.npmjs.org/formidable
25 info trying registry request attempt 1 at 13:08:24
26 verbose etag "EV1CQMPSKWTZ23Y3XF8Y80RXA"
27 http GET https://registry.npmjs.org/formidable
28 http 200 https://registry.npmjs.org/formidable
29 silly registry.get cb [ 200,
29 silly registry.get   { date: 'Fri, 21 Nov 2014 18:08:24 GMT',
29 silly registry.get     server: 'CouchDB/1.5.0 (Erlang OTP/R16B03)',
29 silly registry.get     etag: '"7PY6HQJF70FBPLG7WAV4QBPZ"',
29 silly registry.get     'content-type': 'application/json',
29 silly registry.get     'cache-control': 'max-age=60',
29 silly registry.get     'content-length': '37802',
29 silly registry.get     'accept-ranges': 'bytes',
29 silly registry.get     via: '1.1 varnish',
29 silly registry.get     age: '11',
29 silly registry.get     'x-served-by': 'cache-atl6232-ATL',
29 silly registry.get     'x-cache': 'HIT',
29 silly registry.get     'x-cache-hits': '1',
29 silly registry.get     'x-timer': 'S1416593304.904760,VS0,VE1',
29 silly registry.get     vary: 'Accept',
29 silly registry.get     connection: 'close' } ]
30 silly addNameRange number 2 { name: 'formidable', range: '*', hasData: true }
31 silly addNameRange versions [ 'formidable',
31 silly addNameRange   [ '0.3.0',
31 silly addNameRange     '0.4.0',
31 silly addNameRange     '0.5.0',
31 silly addNameRange     '0.6.0',
31 silly addNameRange     '0.7.0',
31 silly addNameRange     '0.8.0',
31 silly addNameRange     '0.9.0',
31 silly addNameRange     '0.9.1',
31 silly addNameRange     '0.9.2',
31 silly addNameRange     '0.9.3',
31 silly addNameRange     '0.9.4',
31 silly addNameRange     '0.9.5',
31 silly addNameRange     '0.9.6',
31 silly addNameRange     '0.9.7',
31 silly addNameRange     '0.9.8',
31 silly addNameRange     '0.9.9',
31 silly addNameRange     '0.9.10',
31 silly addNameRange     '0.9.11',
31 silly addNameRange     '1.0.0',
31 silly addNameRange     '1.0.1',
31 silly addNameRange     '1.0.2',
31 silly addNameRange     '1.0.3',
31 silly addNameRange     '1.0.4',
31 silly addNameRange     '1.0.5',
31 silly addNameRange     '1.0.6',
31 silly addNameRange     '1.0.7',
31 silly addNameRange     '1.0.8',
31 silly addNameRange     '1.0.9',
31 silly addNameRange     '1.0.10',
31 silly addNameRange     '1.0.11',
31 silly addNameRange     '1.0.12',
31 silly addNameRange     '1.0.13',
31 silly addNameRange     '1.0.14',
31 silly addNameRange     '1.0.15' ] ]
32 verbose addNamed [ 'formidable', '1.0.15' ]
33 verbose addNamed [ '1.0.15', '1.0.15' ]
34 silly lockFile c516f39f-formidable-1-0-15 formidable@1.0.15
35 verbose lock formidable@1.0.15 /Users/Bah-Ru-Daga/.npm/c516f39f-formidable-1-0-15.lock
36 silly lockFile f23403ff-formidable-formidable-1-0-15-tgz https://registry.npmjs.org/formidable/-/formidable-1.0.15.tgz
37 verbose lock https://registry.npmjs.org/formidable/-/formidable-1.0.15.tgz /Users/Bah-Ru-Daga/.npm/f23403ff-formidable-formidable-1-0-15-tgz.lock
38 verbose addRemoteTarball [ 'https://registry.npmjs.org/formidable/-/formidable-1.0.15.tgz',
38 verbose addRemoteTarball   '91363d59cc51ddca2be84ca0336ec0135606c155' ]
39 info retry fetch attempt 1 at 13:08:25
40 verbose fetch to= /var/folders/s3/xrbty28933x55gmqfj1_hyy00000gn/T/npm-984-hIXK7QiW/registry.npmjs.org/formidable/-/formidable-1.0.15.tgz
41 http GET https://registry.npmjs.org/formidable/-/formidable-1.0.15.tgz
42 http 200 https://registry.npmjs.org/formidable/-/formidable-1.0.15.tgz
43 silly lockFile f23403ff-formidable-formidable-1-0-15-tgz https://registry.npmjs.org/formidable/-/formidable-1.0.15.tgz
44 silly lockFile f23403ff-formidable-formidable-1-0-15-tgz https://registry.npmjs.org/formidable/-/formidable-1.0.15.tgz
45 silly lockFile c516f39f-formidable-1-0-15 formidable@1.0.15
46 silly lockFile c516f39f-formidable-1-0-15 formidable@1.0.15
47 silly lockFile fedfde19-formidable formidable@
48 silly lockFile fedfde19-formidable formidable@
49 error Error: EACCES, mkdir '/Users/Bah-Ru-Daga/.npm/formidable/1.0.15'
49 error     at Error (native)
49 error  { [Error: EACCES, mkdir '/Users/Bah-Ru-Daga/.npm/formidable/1.0.15']
49 error   stack: 'Error: EACCES, mkdir \'/Users/Bah-Ru-Daga/.npm/formidable/1.0.15\'\n    at Error (native)',
49 error   errno: -13,
49 error   code: 'EACCES',
49 error   path: '/Users/Bah-Ru-Daga/.npm/formidable/1.0.15' }
50 error Please try running this command again as root/Administrator.
51 error System Darwin 13.4.0
52 error command "/usr/local/bin/node" "/usr/local/bin/npm" "install" "formidable"
53 error cwd /Users/Bah-Ru-Daga/Desktop/SAGAtest
54 error node -v v0.13.0-pre
55 error npm -v 1.4.28
56 error path /Users/Bah-Ru-Daga/.npm/formidable/1.0.15
57 error code EACCES
58 error errno -13
59 error stack Error: EACCES, mkdir '/Users/Bah-Ru-Daga/.npm/formidable/1.0.15'
59 error stack     at Error (native)
60 verbose exit [ -13, true ]
